<?xml version="1.0" encoding="UTF-8" ?>
<testsuite tests="6" failures="0" name="ClientApp" time="1.637" errors="0" skipped="0">
  <properties>
[...]
</properties>
  <testcase classname="ClientApp" name="ct01" time="0.453"/>
  <testcase classname="ClientApp" name="ct02" time="0.176"/>
  <testcase classname="ClientApp" name="ct03" time="0.239"/>
  <testcase classname="ClientApp" name="ct04" time="0.223"/>
  <testcase classname="ClientApp" name="ct05" time="0.216"/>
  <testcase classname="ClientApp" name="ct06" time="0.274"/>
</testsuite>